<?xml version="1.0" encoding="UTF-8"?>
<!-- Generated by org.testng.reporters.JUnitReportReporter -->
<testsuite skipped="0" hostname="ARIF" name="apirestassured.com.GetMethod" tests="1" failures="0" timestamp="2022-05-29T09:35:53 EDT" time="3.618" errors="0">
  <testcase name="myGetMethod" time="3.618" classname="apirestassured.com.GetMethod"/>
  <system-out/>
</testsuite> <!-- apirestassured.com.GetMethod -->
