<?xml version="1.0" encoding="UTF-8"?>
<!-- Generated by org.testng.reporters.JUnitReportReporter -->
<testsuite skipped="0" hostname="ARIF" name="com.steps.Practice" tests="2" failures="0" timestamp="2021-11-30T20:02:08 EST" time="0.006" errors="0">
  <testcase name="arrayPractice" time="0.006" classname="com.steps.Practice"/>
  <system-out/>
  <testcase name="vatiable" time="0.000" classname="com.steps.Practice"/>
  <system-out/>
</testsuite> <!-- com.steps.Practice -->
