<?xml version="1.0" encoding="UTF-8"?>
<!-- Generated by org.testng.reporters.JUnitReportReporter -->
<testsuite skipped="0" hostname="ARIF" name="com.java.OnlyPractic" tests="3" failures="0" timestamp="2022-02-07T14:15:27 EST" time="4.559" errors="0">
  <testcase name="apple" time="1.222" classname="com.java.OnlyPractic"/>
  <system-out/>
  <testcase name="orange" time="2.158" classname="com.java.OnlyPractic"/>
  <system-out/>
  <testcase name="mango" time="1.179" classname="com.java.OnlyPractic"/>
  <system-out/>
</testsuite> <!-- com.java.OnlyPractic -->
