<?xml version="1.0" encoding="UTF-8"?>
<!-- Generated by org.testng.reporters.JUnitReportReporter -->
<testsuite skipped="0" hostname="ARIF" name="com.java.TestNg" tests="2" failures="0" timestamp="2021-11-30T10:41:30 EST" time="10.658" errors="0">
  <testcase name="verifyPageTitle" time="6.116" classname="com.java.TestNg"/>
  <system-out/>
  <testcase name="verifyLogo" time="4.542" classname="com.java.TestNg"/>
  <system-out/>
</testsuite> <!-- com.java.TestNg -->
